// 重构日志: e7cdf5f1
// 重构日志: f38f3662
// 重构日志: cab329b1
// 重构日志: 064a7ccf
// 同步 ID: e2642343 @ Wed Jul  8 00:56:51 UTC 2026
// 同步 ID: 1600909b @ Wed Jul  8 04:30:14 UTC 2026
// 重构日志: 33176679
// 重构日志: 410bf252
// 同步 ID: cae2d7c5 @ Thu Jul  9 04:54:41 UTC 2026
// 同步 ID: 9db78360 @ Fri Jul 10 01:02:34 UTC 2026
// 重构日志: e6f171bb
// 重构日志: 3965caf0
// 重构日志: 53986a94
// 同步 ID: 98e21161 @ Sun Jul 12 11:03:28 UTC 2026
// 同步 ID: 399d1b29 @ Sun Jul 12 12:17:35 UTC 2026
// 重构日志: fc31c03a
// 同步 ID: 7b31b5c8 @ Mon Jul 13 21:16:05 UTC 2026
// 重构日志: f1955c3b
// 重构日志: 311fa860
// 重构日志: 989d3177
// 同步 ID: 52044182 @ Sat Jul 18 08:23:33 UTC 2026
// 重构日志: 1fc68b66
// 重构日志: 11ba5e1d
// 重构日志: 8b9567e9
// 同步 ID: 37650da1 @ Sun Jul 19 00:09:17 UTC 2026
// 同步 ID: 757962f6 @ Sun Jul 19 00:43:32 UTC 2026
// 重构日志: bf6dd22e
// 重构日志: 36d1a321
// 重构日志: 1299944e
// 同步 ID: 194530a9 @ Mon Jul 20 08:30:19 UTC 2026
// 重构日志: 5b58ab91
// 重构日志: b4ce7088
// 重构日志: 10205c37
// 重构日志: 4955dea0
